make all --print-data-base --no-builtin-variables --no-builtin-rules --question
# GNU Make 4.3
# Built for x86_64-pc-linux-gnu
# Copyright (C) 1988-2020 Free Software Foundation, Inc.
# License GPLv3+: GNU GPL version 3 or later <http://gnu.org/licenses/gpl.html>
# This is free software: you are free to change and redistribute it.
# There is NO WARRANTY, to the extent permitted by law.

# Make data base, printed on Wed Jun 15 20:06:53 2022

# Variables

# environment
GDK_BACKEND = x11
# environment
LC_ALL = C
# environment
GTK_RC_FILES = /etc/gtk/gtkrc:/home/nico/.gtkrc:/home/nico/.config/gtkrc
# environment
SNAP_INSTANCE_KEY = 
# environment
VSCODE_IPC_HOOK_EXTHOST = /run/user/1000/vscode-ipc-7294ff83-19fb-4470-baf0-2b1364fa5ff9.sock
# environment
LC_NAME = es_ES.UTF-8
# environment
LC_NUMERIC = es_ES.UTF-8
# environment
VSCODE_CWD = /home/nico
# makefile (from 'Makefile', line 18)
LIBFT_PATH = libft/
# environment
LC_ADDRESS = es_ES.UTF-8
# default
MAKE_COMMAND := make
# environment
QT_ACCESSIBILITY = 1
# makefile (from 'Makefile', line 16)
INCS_PATH = inc/
# automatic
@D = $(patsubst %/,%,$(dir $@))
# environment
SNAP_INSTANCE_NAME = code
# environment
GDK_PIXBUF_MODULEDIR = /snap/code/98/usr/lib/x86_64-linux-gnu/gdk-pixbuf-2.0/2.10.0/loaders
# environment
VSCODE_HANDLES_UNCAUGHT_ERRORS = true
# default
.VARIABLES := 
# environment
PWD = /home/nico/Documents/minishell
# automatic
%D = $(patsubst %/,%,$(dir $%))
# environment
XDG_DATA_DIRS = /usr/share/plasma:/usr/local/share:/usr/share:/var/lib/snapd/desktop
# automatic
^D = $(patsubst %/,%,$(dir $^))
# environment
VSCODE_LOG_STACK = false
# automatic
%F = $(notdir $%)
# environment
VSCODE_CODE_CACHE_PATH = /home/nico/.config/Code/CachedData/4af164ea3a06f701fe3e89a2bcbb421d2026b68f
# environment
XDG_SESSION_PATH = /org/freedesktop/DisplayManager/Session3
# environment
LANG = C
# environment
XAUTHORITY = /home/nico/.Xauthority
# default
.LOADED := 
# default
.INCLUDE_DIRS = /usr/local/include /usr/include /usr/include
# makefile
MAKEFLAGS = pqrR
# makefile (from 'Makefile', line 8)
BLUE = '\033[1;34m'
# makefile
CURDIR := /home/nico/Documents/minishell
# environment
VSCODE_PIPE_LOGGING = true
# environment
APPLICATION_INSIGHTS_NO_DIAGNOSTIC_CHANNEL = 1
# environment
LESSOPEN = | /usr/bin/lesspipe %s
# makefile (from 'Makefile', line 20)
SRCS = main.c readline_pruebas.c
# automatic
*D = $(patsubst %/,%,$(dir $*))
# environment
PAM_KWALLET5_LOGIN = /run/user/1000/kwallet5.socket
# environment
MFLAGS = -pqrR
# environment
SSH_AUTH_SOCK = /tmp/ssh-XXXXXXZcJZkT/agent.179081
# default
.SHELLFLAGS := -c
# environment
XDG_CONFIG_DIRS = /home/nico/.config/kdedefaults:/etc/xdg/xdg-plasma:/etc/xdg:/usr/share/kubuntu-default-settings/kf5-settings
# automatic
+D = $(patsubst %/,%,$(dir $+))
# environment
XCURSOR_THEME = breeze_cursors
# environment
XDG_SESSION_DESKTOP = KDE
# makefile (from 'Makefile', line 1)
MAKEFILE_LIST := Makefile
# environment
SNAP_REEXEC = 
# automatic
@F = $(notdir $@)
# environment
VSCODE_VERBOSE_LOGGING = true
# environment
VSCODE_PID = 552104
# environment
XDG_SESSION_TYPE = x11
# automatic
?D = $(patsubst %/,%,$(dir $?))
# environment
BAMF_DESKTOP_FILE_HINT = /var/lib/snapd/desktop/applications/code_code.desktop
# environment
SESSION_MANAGER = local/Predator:@/tmp/.ICE-unix/179337,unix/Predator:/tmp/.ICE-unix/179337
# automatic
*F = $(notdir $*)
# environment
CHROME_DESKTOP = code-url-handler.desktop
# environment
DBUS_SESSION_BUS_ADDRESS = unix:path=/run/user/1000/bus
# automatic
<D = $(patsubst %/,%,$(dir $<))
# makefile (from 'Makefile', line 15)
SRCS_PATH = src/
# environment
VSCODE_NLS_CONFIG = {"locale":"en-us","availableLanguages":{},"_languagePackSupport":true}
# default
MAKE_HOST := x86_64-pc-linux-gnu
# makefile (from 'Makefile', line 22)
OBJS = $(SRCS:%.c=bin/%.o)
# makefile
SHELL = /bin/sh
# default
MAKECMDGOALS := all
# environment
SHLVL = 0
# environment
MAKELEVEL := 0
# default
MAKE = $(MAKE_COMMAND)
# environment
SNAP_COOKIE = -62cJNpC_vU08cBGdCyfa_1MOkZ6vw41gHS9KTysYgHX5aQ9MteF
# environment
PATH = /usr/local/sbin:/usr/local/bin:/usr/sbin:/usr/bin:/sbin:/bin:/usr/games:/usr/local/games:/snap/bin
# default
MAKEFILES := 
# environment
LANGUAGE = en_US:uk
# environment
LC_MONETARY = es_ES.UTF-8
# automatic
^F = $(notdir $^)
# makefile (from 'Makefile', line 5)
PURPLE = '\033[1;35m'
# environment
SNAP_USER_COMMON = /home/nico/snap/code/common
# makefile (from 'Makefile', line 6)
YELLOW = '\033[1;33m'
# environment
KCRASH_AUTO_RESTARTED = 1
# environment
LC_TIME = es_ES.UTF-8
# environment
SNAP = /snap/code/98
# environment
SNAP_REVISION = 98
# environment
SNAP_REAL_HOME = /home/nico
# environment
VSCODE_LOG_NATIVE = false
# makefile (from 'Makefile', line 4)
GREEN = '\033[1;32m'
# makefile (from 'Makefile', line 17)
BIN_PATH = bin/
# environment
LC_TELEPHONE = es_ES.UTF-8
# environment
LESSCLOSE = /usr/bin/lesspipe %s %s
# automatic
?F = $(notdir $?)
# environment
KDE_APPLICATIONS_AS_SCOPE = 1
# makefile (from 'Makefile', line 12)
NAME = minishell
# environment
XDG_SEAT = seat0
# environment
XDG_CURRENT_DESKTOP = KDE
# environment
LS_COLORS = 
# automatic
+F = $(notdir $+)
# environment
XDG_SEAT_PATH = /org/freedesktop/DisplayManager/Seat0
# environment
DESKTOP_SESSION = plasma
# environment
ORIGINAL_XDG_CURRENT_DESKTOP = KDE
# 'override' directive
GNUMAKEFLAGS := 
# environment
LOGNAME = nico
# environment
SNAP_ARCH = amd64
# environment
XDG_VTNR = 1
# makefile
.DEFAULT_GOAL := all
# environment
SYSTEMD_EXEC_PID = 1536
# makefile (from 'Makefile', line 28)
RM = rm -f
# makefile (from 'Makefile', line 3)
RED = '\033[1;31m'
# environment
DISPLAY = :0
# environment
USER = nico
# default
MAKE_VERSION := 4.3
# environment
KDE_SESSION_UID = 1000
# environment
DISABLE_WAYLAND = 1
# environment
SNAP_DATA = /var/snap/code/98
# environment
SNAP_CONTEXT = -62cJNpC_vU08cBGdCyfa_1MOkZ6vw41gHS9KTysYgHX5aQ9MteF
# environment
LC_MEASUREMENT = es_ES.UTF-8
# environment
SSH_AGENT_PID = 179197
# environment
_ = /snap/code/98/usr/share/code/code
# environment
LC_PAPER = es_ES.UTF-8
# environment
XDG_RUNTIME_DIR = /run/user/1000
# makefile (from 'Makefile', line 7)
NONE = '\033[0m'
# makefile (from 'Makefile', line 25)
CFLAGS = -g 
# environment
GPG_AGENT_INFO = /run/user/1000/gnupg/S.gpg-agent:0:1
# environment
GDK_PIXBUF_MODULE_FILE = /home/nico/snap/code/common/.cache/gdk-pixbuf-loaders.cache
# environment
XDG_SESSION_CLASS = user
# environment
VSCODE_AMD_ENTRYPOINT = vs/workbench/api/node/extensionHostProcess
# environment
GTK2_RC_FILES = /etc/gtk-2.0/gtkrc:/home/nico/.gtkrc-2.0:/home/nico/.config/gtkrc-2.0
# environment
HOME = /home/nico
# environment
ELECTRON_RUN_AS_NODE = 1
# environment
VSCODE_IPC_HOOK = /run/user/1000/vscode-785f64db-1.68.0-main.sock
# environment
SNAP_NAME = code
# environment
GSETTINGS_SCHEMA_DIR = /snap/code/98/usr/share/glib-2.0/schemas
# makefile (from 'Makefile', line 26)
LIBFT_FLAGS = -I$(LIBFT_PATH) -L$(LIBFT_PATH) -lft
# environment
XDG_SESSION_ID = 114
# environment
XCURSOR_SIZE = 24
# environment
IM_CONFIG_PHASE = 1
# default
.RECIPEPREFIX := 
# automatic
<F = $(notdir $<)
# environment
SNAP_VERSION = 4af164ea
# default
SUFFIXES := 
# environment
QT_AUTO_SCREEN_SCALE_FACTOR = 0
# environment
VSCODE_CLI = 1
# environment
ELECTRON_NO_ATTACH_CONSOLE = 1
# makefile (from 'Makefile', line 27)
LIBRL_FLAGS = -L/usr/local/opt/readline/lib -I/usr/local/opt/readline/include -lreadline
# environment
SNAP_COMMON = /var/snap/code/common
# environment
KDE_SESSION_VERSION = 5
# default
.FEATURES := target-specific order-only second-expansion else-if shortest-stem undefine oneshell nocomment grouped-target extra-prereqs archives jobserver output-sync check-symlink load
# makefile (from 'Makefile', line 24)
CC = gcc
# environment
KDE_FULL_SESSION = true
# environment
SNAP_USER_DATA = /home/nico/snap/code/98
# environment
LC_IDENTIFICATION = es_ES.UTF-8
# environment
SNAP_LIBRARY_PATH = /var/lib/snapd/lib/gl:/var/lib/snapd/lib/gl32:/var/lib/snapd/void
# variable set hash-table stats:
# Load=149/1024=15%, Rehash=0, Collisions=12/185=6%

# Pattern-specific Variable Values

# No pattern-specific variable values.

# Directories

# src (device 64768, inode 13122403): 4 files, no impossibilities so far.
# . (device 64768, inode 12849057): 17 files, no impossibilities.

# 21 files, no impossibilities in 2 directories.

# Implicit Rules

bin/%.o: src/%.c
#  recipe to execute (from 'Makefile', line 35):
	@mkdir -p $(BIN_PATH)
	@$(CC) $(CFLAGS) -I$(LIBFT_PATH) -c $< -o $@

# 1 implicit rules, 0 (0.0%) terminal.
# Files
 

bin/main.o: src/main.c
#  Implicit rule search has been done.
#  Implicit/static pattern stem: 'main'
#  Last modified 2022-06-15 20:06:30.414448819
#  File has been updated.
#  Successfully updated.
#  recipe to execute (from 'Makefile', line 35):
	@mkdir -p $(BIN_PATH)
	@$(CC) $(CFLAGS) -I$(LIBFT_PATH) -c $< -o $@

minishell: bin/main.o bin/readline_pruebas.o
#  Implicit rule search has not been done.
#  Last modified 2022-06-15 20:06:31.302454781
#  File has been updated.
#  Successfully updated.
#  recipe to execute (from 'Makefile', line 39):
	@$(MAKE) -C $(LIBFT_PATH) --silent
	@echo $(PURPLE)"[Creating $(NAME)]"$(NONE)
	@$(CC) -o $(NAME) $(OBJS) $(LIBFT_FLAGS) $(LIBRL_FLAGS) #-fsanitize=address
	@echo $(GREEN)"$(NAME): ready to be executed"$(NONE)

# Not a target:
Makefile:
#  Implicit rule search has been done.
#  Last modified 2022-06-15 20:05:55.790217212
#  File has been updated.
#  Successfully updated.

clean:
#  Phony target (prerequisite of .PHONY).
#  Implicit rule search has not been done.
#  File does not exist.
#  File has not been updated.
#  recipe to execute (from 'Makefile', line 45):
	@$(RM) $(OBJS)
	@rm -rf $(BIN_PATH)
	@$(MAKE) -C $(LIBFT_PATH) clean --silent
	@echo $(RED)"[Object Files Deleted]"$(NONE)

# Not a target:
src/main.c:
#  Implicit rule search has been done.
#  Last modified 2022-06-15 20:04:54.161809353
#  File has been updated.
#  Successfully updated.

re: fclean
#  Phony target (prerequisite of .PHONY).
#  Implicit rule search has not been done.
#  File does not exist.
#  File has not been updated.
#  recipe to execute (from 'Makefile', line 56):
	@$(MAKE)

bin/readline_pruebas.o: src/readline_pruebas.c
#  Implicit rule search has been done.
#  Implicit/static pattern stem: 'readline_pruebas'
#  Last modified 2022-06-15 20:06:30.446449034
#  File has been updated.
#  Successfully updated.
#  recipe to execute (from 'Makefile', line 35):
	@mkdir -p $(BIN_PATH)
	@$(CC) $(CFLAGS) -I$(LIBFT_PATH) -c $< -o $@

# Not a target:
.DEFAULT:
#  Implicit rule search has not been done.
#  Modification time never checked.
#  File has not been updated.

all: minishell
#  Phony target (prerequisite of .PHONY).
#  Command line target.
#  Implicit rule search has not been done.
#  File does not exist.
#  File has been updated.
#  Successfully updated.

fclean: clean
#  Phony target (prerequisite of .PHONY).
#  Implicit rule search has not been done.
#  File does not exist.
#  File has not been updated.
#  recipe to execute (from 'Makefile', line 51):
	@$(RM) $(NAME)
	@$(MAKE) -C $(LIBFT_PATH) fclean --silent
	@echo $(RED)"[Executable File Deleted]"$(NONE)

# Not a target:
src/readline_pruebas.c:
#  Implicit rule search has been done.
#  Last modified 2022-06-11 17:06:56.251483165
#  File has been updated.
#  Successfully updated.

.PHONY: all clean fclean re
#  Implicit rule search has not been done.
#  Modification time never checked.
#  File has not been updated.

# files hash-table stats:
# Load=13/1024=1%, Rehash=0, Collisions=0/40=0%
# VPATH Search Paths

# No 'vpath' search paths.

# No general ('VPATH' variable) search path.

# strcache buffers: 1 (0) / strings = 36 / storage = 324 B / avg = 9 B
# current buf: size = 8162 B / used = 324 B / count = 36 / avg = 9 B

# strcache performance: lookups = 60 / hit rate = 40%
# hash-table stats:
# Load=36/8192=0%, Rehash=0, Collisions=0/60=0%
# Finished Make data base on Wed Jun 15 20:06:53 2022

 
